HaPy
---------------------------------------
Handy Python - Interactive Interpreter
---------------------------------------
Initiated!

Log Start Time: 2015/06/27 22:03:27

---------------------------------------

*** Python 3.4.1 (v3.4.1:c0e311e010fc, May 18 2014, 10:38:22) [MSC v.1600 32 bit (Intel)] on win32.***
Copyright (c) 2001-2014 Python Software Foundation.
All Rights Reserved.

Copyright (c) 2000 BeOpen.com.
All Rights Reserved.

Copyright (c) 1995-2001 Corporation for National Research Initiatives.
All Rights Reserved.

Copyright (c) 1991-1995 Stichting Mathematisch Centrum, Amsterdam.
All Rights Reserved.

Platform: win32
Version: sys.getwindowsversion(major=6, minor=1, build=7601, platform=2, service_pack='Service Pack 1')
FileSys encodeing: mbcs

---------------------------------------

About HaPy:
Handy Python - Interactive Interpreter/Scripting Environment 
An expreimental project developed by 
Kumaresan Lakshmanan
For Quick Windows Automation. Date: Jan 12 2013

---------------------------------------

Error: Unable to read (OR) Path exists J:\our-py-lib\pepper\src\core\devPlugs
Loading Plugins: J:\our-py-lib\pepper\src\core\devPlugs
Adding path to system... J:\our-py-lib\pepper\src\core\devPlugs
Adding path to system... J:\our-py-lib\pepper\src\core
Adding path to system... J:\our-py-lib\pepper\src\core\Scripts
Adding path to system... J:\our-py-lib\pepper\src\core\Scripts
Accessing startup script folder... Scripts/
Parsing startup scripts...
Error! No Icon found for: /02/16/45.png

Log End Time: 2015/06/27 22:03:31
